C:\USERS\YU\DESKTOP\ASV_RPC_DEMO\ASV_RPC_DEMO\DEBUG\ASV_RPC_DEMO.EXE.EMBED.MANIFEST
C:\USERS\YU\DESKTOP\ASV_RPC_DEMO\ASV_RPC_DEMO\DEBUG\ASV_RPC_DEMO.EXE.EMBED.MANIFEST.RES
C:\USERS\YU\DESKTOP\ASV_RPC_DEMO\ASV_RPC_DEMO\DEBUG\ASV_RPC_DEMO.EXE.INTERMEDIATE.MANIFEST
C:\USERS\YU\DESKTOP\ASV_RPC_DEMO\ASV_RPC_DEMO\DEBUG\ASV_RPC_DEMO.OBJ
C:\USERS\YU\DESKTOP\ASV_RPC_DEMO\ASV_RPC_DEMO\DEBUG\ASV_RPC_DEMO.PCH
C:\Users\Yu\Desktop\asv_rpc_demo\asv_rpc_demo\Debug\asv_rpc_demo.vcxprojResolveAssemblyReference.cache
C:\Users\Yu\Desktop\asv_rpc_demo\asv_rpc_demo\Debug\asv_rpc_demo.write.1.tlog
C:\Users\Yu\Desktop\asv_rpc_demo\asv_rpc_demo\Debug\asv_rpc_demo_manifest.rc
C:\Users\Yu\Desktop\asv_rpc_demo\asv_rpc_demo\Debug\cl.command.1.tlog
C:\Users\Yu\Desktop\asv_rpc_demo\asv_rpc_demo\Debug\CL.read.1.tlog
C:\Users\Yu\Desktop\asv_rpc_demo\asv_rpc_demo\Debug\CL.write.1.tlog
C:\Users\Yu\Desktop\asv_rpc_demo\asv_rpc_demo\Debug\link.13064.read.1.tlog
C:\Users\Yu\Desktop\asv_rpc_demo\asv_rpc_demo\Debug\link.13064.write.1.tlog
C:\Users\Yu\Desktop\asv_rpc_demo\asv_rpc_demo\Debug\link.13064-cvtres.read.1.tlog
C:\Users\Yu\Desktop\asv_rpc_demo\asv_rpc_demo\Debug\link.13064-cvtres.write.1.tlog
C:\Users\Yu\Desktop\asv_rpc_demo\asv_rpc_demo\Debug\link.2516.read.1.tlog
C:\Users\Yu\Desktop\asv_rpc_demo\asv_rpc_demo\Debug\link.2516.write.1.tlog
C:\Users\Yu\Desktop\asv_rpc_demo\asv_rpc_demo\Debug\link.2516-cvtres.read.1.tlog
C:\Users\Yu\Desktop\asv_rpc_demo\asv_rpc_demo\Debug\link.2516-cvtres.write.1.tlog
C:\Users\Yu\Desktop\asv_rpc_demo\asv_rpc_demo\Debug\link.command.1.tlog
C:\Users\Yu\Desktop\asv_rpc_demo\asv_rpc_demo\Debug\link.read.1.tlog
C:\Users\Yu\Desktop\asv_rpc_demo\asv_rpc_demo\Debug\link.write.1.tlog
C:\Users\Yu\Desktop\asv_rpc_demo\asv_rpc_demo\Debug\link-cvtres.read.1.tlog
C:\Users\Yu\Desktop\asv_rpc_demo\asv_rpc_demo\Debug\link-cvtres.write.1.tlog
C:\Users\Yu\Desktop\asv_rpc_demo\asv_rpc_demo\Debug\mt.command.1.tlog
C:\Users\Yu\Desktop\asv_rpc_demo\asv_rpc_demo\Debug\mt.read.1.tlog
C:\Users\Yu\Desktop\asv_rpc_demo\asv_rpc_demo\Debug\mt.write.1.tlog
C:\Users\Yu\Desktop\asv_rpc_demo\asv_rpc_demo\Debug\rc.command.1.tlog
C:\Users\Yu\Desktop\asv_rpc_demo\asv_rpc_demo\Debug\rc.read.1.tlog
C:\Users\Yu\Desktop\asv_rpc_demo\asv_rpc_demo\Debug\rc.write.1.tlog
C:\USERS\YU\DESKTOP\ASV_RPC_DEMO\ASV_RPC_DEMO\DEBUG\STDAFX.OBJ
C:\Users\Yu\Desktop\asv_rpc_demo\asv_rpc_demo\Debug\vc100.idb
C:\USERS\YU\DESKTOP\ASV_RPC_DEMO\ASV_RPC_DEMO\DEBUG\VC100.PDB
C:\USERS\YU\DESKTOP\ASV_RPC_DEMO\DEBUG\ASV_RPC_DEMO.EXE
C:\USERS\YU\DESKTOP\ASV_RPC_DEMO\DEBUG\ASV_RPC_DEMO.ILK
C:\USERS\YU\DESKTOP\ASV_RPC_DEMO\DEBUG\ASV_RPC_DEMO.PDB
