生成启动时间为 2017/10/31 11:22:03。
     1>项目“C:\Users\Yu\Desktop\asv_rpc_demo\asv_rpc_demo\asv_rpc_demo.vcxproj”在节点 2 上(build 个目标)。
     1>InitializeBuildStatus:
         正在创建“Debug\asv_rpc_demo.unsuccessfulbuild”，因为已指定“AlwaysCreate”。
       ClCompile:
         所有输出均为最新。
         D:\Microsoft Visual Studio 10.0\VC\bin\CL.exe /c /ZI /nologo /W3 /WX- /Od /Oy- /D WIN32 /D _DEBUG /D _CONSOLE /D _UNICODE /D UNICODE /Gm /EHsc /RTC1 /MDd /GS /fp:precise /Zc:wchar_t /Zc:forScope /Yu"StdAfx.h" /Fp"Debug\asv_rpc_demo.pch" /Fo"Debug\\" /Fd"Debug\vc100.pdb" /Gd /TP /analyze- /errorReport:prompt asv_rpc_demo.cpp
         asv_rpc_demo.cpp
       ManifestResourceCompile:
         所有输出均为最新。
       Link:
         D:\Microsoft Visual Studio 10.0\VC\bin\link.exe /ERRORREPORT:PROMPT /OUT:"C:\Users\Yu\Desktop\asv_rpc_demo\Debug\asv_rpc_demo.exe" /INCREMENTAL /NOLOGO kernel32.lib user32.lib gdi32.lib winspool.lib comdlg32.lib advapi32.lib shell32.lib ole32.lib oleaut32.lib uuid.lib odbc32.lib odbccp32.lib /MANIFEST /ManifestFile:"Debug\asv_rpc_demo.exe.intermediate.manifest" /MANIFESTUAC:"level='asInvoker' uiAccess='false'" /DEBUG /PDB:"C:\Users\Yu\Desktop\asv_rpc_demo\Debug\asv_rpc_demo.pdb" /SUBSYSTEM:CONSOLE /TLBID:1 /DYNAMICBASE /NXCOMPAT /IMPLIB:"C:\Users\Yu\Desktop\asv_rpc_demo\Debug\asv_rpc_demo.lib" /MACHINE:X86 Debug\asv_rpc_demo.exe.embed.manifest.res
         Debug\asv_rpc_demo.obj
         Debug\stdafx.obj
       Manifest:
         C:\Program Files (x86)\Microsoft SDKs\Windows\v7.0A\bin\mt.exe /nologo /verbose /out:"Debug\asv_rpc_demo.exe.embed.manifest" /manifest Debug\asv_rpc_demo.exe.intermediate.manifest
         所有输出均为最新。
       LinkEmbedManifest:
         所有输出均为最新。
         asv_rpc_demo.vcxproj -> C:\Users\Yu\Desktop\asv_rpc_demo\Debug\asv_rpc_demo.exe
       FinalizeBuildStatus:
         正在删除文件“Debug\asv_rpc_demo.unsuccessfulbuild”。
         正在对“Debug\asv_rpc_demo.lastbuildstate”执行 Touch 任务。
     1>已完成生成项目“C:\Users\Yu\Desktop\asv_rpc_demo\asv_rpc_demo\asv_rpc_demo.vcxproj”(build 个目标)的操作。

生成成功。

已用时间 00:00:01.48
